<?xml version="1.0" encoding="utf-8"?><testsuites name="pytest tests"><testsuite name="pytest" errors="0" failures="5" skipped="0" tests="19" time="39.803" timestamp="2026-04-26T08:55:48.690021+00:00" hostname="agent-env-5aa873e6-f170-4d9d-8c1c-d219fd9ed49f"><testcase classname="backend.tests.test_iteration3_subscription.TestHealth" name="test_root" time="0.211" /><testcase classname="backend.tests.test_iteration3_subscription.TestAuthBaseline" name="test_signup_login_me" time="0.769" /><testcase classname="backend.tests.test_iteration3_subscription.TestSubscriptionCheckout" name="test_checkout_returns_real_stripe_url_with_trial" time="1.530" /><testcase classname="backend.tests.test_iteration3_subscription.TestSubscriptionCheckout" name="test_status_for_unpaid_session_does_not_grant_premium" time="0.878" /><testcase classname="backend.tests.test_iteration3_subscription.TestSubscriptionCheckout" name="test_already_active_user_cannot_checkout" time="1.526"><failure message="AssertionError: assert 'free' == 'active'&#10;  &#10;  - active&#10;  + free">backend/tests/test_iteration3_subscription.py:163: in test_already_active_user_cannot_checkout
    assert me["subscription_status"] == "active"
E   AssertionError: assert 'free' == 'active'
E     
E     - active
E     + free</failure></testcase><testcase classname="backend.tests.test_iteration3_subscription.TestSubscriptionPortal" name="test_portal_without_customer_returns_400" time="0.443" /><testcase classname="backend.tests.test_iteration3_subscription.TestSubscriptionPortal" name="test_portal_with_customer_returns_billing_url" time="0.342" /><testcase classname="backend.tests.test_iteration3_subscription.TestWebhook" name="test_webhook_malformed_returns_400" time="0.099" /><testcase classname="backend.tests.test_iteration3_subscription.TestWebhook" name="test_webhook_no_signature_dev_mode_accepts" time="0.522"><failure message="AssertionError: assert 'free' == 'trialing'&#10;  &#10;  - trialing&#10;  + free">backend/tests/test_iteration3_subscription.py:241: in test_webhook_no_signature_dev_mode_accepts
    assert me["subscription_status"] == "trialing"
E   AssertionError: assert 'free' == 'trialing'
E     
E     - trialing
E     + free</failure></testcase><testcase classname="backend.tests.test_iteration3_subscription.TestWebhook" name="test_webhook_subscription_updated_active" time="0.190"><failure message="AssertionError: assert 'free' == 'active'&#10;  &#10;  - active&#10;  + free">backend/tests/test_iteration3_subscription.py:262: in test_webhook_subscription_updated_active
    assert me["subscription_status"] == "active"
E   AssertionError: assert 'free' == 'active'
E     
E     - active
E     + free</failure></testcase><testcase classname="backend.tests.test_iteration3_subscription.TestWebhook" name="test_webhook_subscription_deleted" time="0.209"><failure message="AssertionError: assert 'free' == 'canceled'&#10;  &#10;  - canceled&#10;  + free">backend/tests/test_iteration3_subscription.py:281: in test_webhook_subscription_deleted
    assert me["subscription_status"] == "canceled"
E   AssertionError: assert 'free' == 'canceled'
E     
E     - canceled
E     + free</failure></testcase><testcase classname="backend.tests.test_iteration3_subscription.TestLegacy" name="test_start_trial_legacy_returns_400" time="0.099" /><testcase classname="backend.tests.test_iteration3_subscription.TestRegression" name="test_translation_switch" time="0.441" /><testcase classname="backend.tests.test_iteration3_subscription.TestRegression" name="test_daily_verse" time="0.127" /><testcase classname="backend.tests.test_iteration3_subscription.TestRegression" name="test_verse_match_and_quota_cap" time="15.195" /><testcase classname="backend.tests.test_iteration3_subscription.TestRegression" name="test_history_and_favorites" time="5.640" /><testcase classname="backend.tests.test_iteration3_subscription.TestRegression" name="test_premium_context_gated_for_free" time="5.417" /><testcase classname="backend.tests.test_iteration3_subscription.TestRegression" name="test_premium_context_works_for_trial_user" time="4.893"><failure message="AssertionError: {&quot;detail&quot;:{&quot;error&quot;:&quot;premium_required&quot;,&quot;message&quot;:&quot;Read more context is a premium feature.&quot;}}&#10;assert 402 == 200&#10; +  where 402 = &lt;Response [402]&gt;.status_code">backend/tests/test_iteration3_subscription.py:406: in test_premium_context_works_for_trial_user
    assert r.status_code == 200, r.text
E   AssertionError: {"detail":{"error":"premium_required","message":"Read more context is a premium feature."}}
E   assert 402 == 200
E    +  where 402 = &lt;Response [402]&gt;.status_code</failure></testcase><testcase classname="backend.tests.test_iteration3_subscription.TestRegression" name="test_tts_generate" time="1.160" /></testsuite></testsuites>