<?xml version="1.0" encoding="utf-8"?><testsuites name="pytest tests"><testsuite name="pytest" errors="0" failures="5" skipped="0" tests="19" time="39.821" timestamp="2026-04-26T08:49:50.845381+00:00" hostname="agent-env-5aa873e6-f170-4d9d-8c1c-d219fd9ed49f"><testcase classname="backend.tests.test_iteration3_subscription.TestHealth" name="test_root" time="0.194" /><testcase classname="backend.tests.test_iteration3_subscription.TestAuthBaseline" name="test_signup_login_me" time="0.819" /><testcase classname="backend.tests.test_iteration3_subscription.TestSubscriptionCheckout" name="test_checkout_returns_real_stripe_url_with_trial" time="1.452" /><testcase classname="backend.tests.test_iteration3_subscription.TestSubscriptionCheckout" name="test_status_for_unpaid_session_does_not_grant_premium" time="0.985" /><testcase classname="backend.tests.test_iteration3_subscription.TestSubscriptionCheckout" name="test_already_active_user_cannot_checkout" time="1.485"><failure message="AssertionError: assert 'free' == 'active'&#10;  &#10;  - active&#10;  + free">E   AssertionError: assert 'free' == 'active'
      
      - active
      + free</failure></testcase><testcase classname="backend.tests.test_iteration3_subscription.TestSubscriptionPortal" name="test_portal_without_customer_returns_400" time="0.456" /><testcase classname="backend.tests.test_iteration3_subscription.TestSubscriptionPortal" name="test_portal_with_customer_returns_billing_url" time="0.347" /><testcase classname="backend.tests.test_iteration3_subscription.TestWebhook" name="test_webhook_malformed_returns_400" time="0.102" /><testcase classname="backend.tests.test_iteration3_subscription.TestWebhook" name="test_webhook_no_signature_dev_mode_accepts" time="0.534"><failure message="AssertionError: assert 'free' == 'trialing'&#10;  &#10;  - trialing&#10;  + free">E   AssertionError: assert 'free' == 'trialing'
      
      - trialing
      + free</failure></testcase><testcase classname="backend.tests.test_iteration3_subscription.TestWebhook" name="test_webhook_subscription_updated_active" time="0.204"><failure message="AssertionError: assert 'free' == 'active'&#10;  &#10;  - active&#10;  + free">E   AssertionError: assert 'free' == 'active'
      
      - active
      + free</failure></testcase><testcase classname="backend.tests.test_iteration3_subscription.TestWebhook" name="test_webhook_subscription_deleted" time="0.237"><failure message="AssertionError: assert 'free' == 'canceled'&#10;  &#10;  - canceled&#10;  + free">E   AssertionError: assert 'free' == 'canceled'
      
      - canceled
      + free</failure></testcase><testcase classname="backend.tests.test_iteration3_subscription.TestLegacy" name="test_start_trial_legacy_returns_400" time="0.105" /><testcase classname="backend.tests.test_iteration3_subscription.TestRegression" name="test_translation_switch" time="0.424" /><testcase classname="backend.tests.test_iteration3_subscription.TestRegression" name="test_daily_verse" time="0.100" /><testcase classname="backend.tests.test_iteration3_subscription.TestRegression" name="test_verse_match_and_quota_cap" time="14.045" /><testcase classname="backend.tests.test_iteration3_subscription.TestRegression" name="test_history_and_favorites" time="6.071" /><testcase classname="backend.tests.test_iteration3_subscription.TestRegression" name="test_premium_context_gated_for_free" time="5.459" /><testcase classname="backend.tests.test_iteration3_subscription.TestRegression" name="test_premium_context_works_for_trial_user" time="5.527"><failure message="AssertionError: {&quot;detail&quot;:{&quot;error&quot;:&quot;premium_required&quot;,&quot;message&quot;:&quot;Read more context is a premium feature.&quot;}}&#10;assert 402 == 200&#10; +  where 402 = &lt;Response [402]&gt;.status_code">E   AssertionError: {"detail":{"error":"premium_required","message":"Read more context is a premium feature."}}
    assert 402 == 200
     +  where 402 = &lt;Response [402]&gt;.status_code</failure></testcase><testcase classname="backend.tests.test_iteration3_subscription.TestRegression" name="test_tts_generate" time="1.181" /></testsuite></testsuites>