<?xml version="1.0" encoding="utf-8"?><testsuites name="pytest tests"><testsuite name="pytest" errors="0" failures="0" skipped="0" tests="19" time="43.587" timestamp="2026-04-26T09:03:41.833602+00:00" hostname="agent-env-5aa873e6-f170-4d9d-8c1c-d219fd9ed49f"><testcase classname="backend.tests.test_iteration3_subscription.TestHealth" name="test_root" time="0.224" /><testcase classname="backend.tests.test_iteration3_subscription.TestAuthBaseline" name="test_signup_login_me" time="0.798" /><testcase classname="backend.tests.test_iteration3_subscription.TestSubscriptionCheckout" name="test_checkout_returns_real_stripe_url_with_trial" time="1.530" /><testcase classname="backend.tests.test_iteration3_subscription.TestSubscriptionCheckout" name="test_status_for_unpaid_session_does_not_grant_premium" time="0.977" /><testcase classname="backend.tests.test_iteration3_subscription.TestSubscriptionCheckout" name="test_already_active_user_cannot_checkout" time="1.648" /><testcase classname="backend.tests.test_iteration3_subscription.TestSubscriptionPortal" name="test_portal_without_customer_returns_400" time="0.429" /><testcase classname="backend.tests.test_iteration3_subscription.TestSubscriptionPortal" name="test_portal_with_customer_returns_billing_url" time="0.345" /><testcase classname="backend.tests.test_iteration3_subscription.TestWebhook" name="test_webhook_malformed_returns_400" time="0.102" /><testcase classname="backend.tests.test_iteration3_subscription.TestWebhook" name="test_webhook_no_signature_dev_mode_accepts" time="0.529" /><testcase classname="backend.tests.test_iteration3_subscription.TestWebhook" name="test_webhook_subscription_updated_active" time="0.204" /><testcase classname="backend.tests.test_iteration3_subscription.TestWebhook" name="test_webhook_subscription_deleted" time="0.199" /><testcase classname="backend.tests.test_iteration3_subscription.TestLegacy" name="test_start_trial_legacy_returns_400" time="0.097" /><testcase classname="backend.tests.test_iteration3_subscription.TestRegression" name="test_translation_switch" time="0.431" /><testcase classname="backend.tests.test_iteration3_subscription.TestRegression" name="test_daily_verse" time="0.109" /><testcase classname="backend.tests.test_iteration3_subscription.TestRegression" name="test_verse_match_and_quota_cap" time="15.030" /><testcase classname="backend.tests.test_iteration3_subscription.TestRegression" name="test_history_and_favorites" time="5.257" /><testcase classname="backend.tests.test_iteration3_subscription.TestRegression" name="test_premium_context_gated_for_free" time="5.356" /><testcase classname="backend.tests.test_iteration3_subscription.TestRegression" name="test_premium_context_works_for_trial_user" time="9.011" /><testcase classname="backend.tests.test_iteration3_subscription.TestRegression" name="test_tts_generate" time="1.237" /></testsuite></testsuites>