<?xml version="1.0" encoding="utf-8"?><testsuites name="pytest tests"><testsuite name="pytest" errors="0" failures="1" skipped="0" tests="16" time="31.881" timestamp="2026-04-26T07:46:46.243174+00:00" hostname="agent-env-5aa873e6-f170-4d9d-8c1c-d219fd9ed49f"><testcase classname="backend.tests.test_iteration2_features.TestAuthMeFields" name="test_me_has_iteration2_fields" time="0.455" /><testcase classname="backend.tests.test_iteration2_features.TestTranslationSettings" name="test_set_kjv" time="0.354" /><testcase classname="backend.tests.test_iteration2_features.TestTranslationSettings" name="test_set_back_niv" time="0.045" /><testcase classname="backend.tests.test_iteration2_features.TestTranslationSettings" name="test_invalid_translation_422" time="0.048" /><testcase classname="backend.tests.test_iteration2_features.TestFreeQuota" name="test_use_three_free_verses" time="13.996" /><testcase classname="backend.tests.test_iteration2_features.TestFreeQuota" name="test_fourth_returns_402" time="0.049" /><testcase classname="backend.tests.test_iteration2_features.TestTrial" name="test_start_trial_success" time="0.328" /><testcase classname="backend.tests.test_iteration2_features.TestTrial" name="test_start_trial_twice_rejected" time="0.046" /><testcase classname="backend.tests.test_iteration2_features.TestTrial" name="test_match_works_after_trial" time="4.057" /><testcase classname="backend.tests.test_iteration2_features.TestTrial" name="test_context_for_premium" time="5.763" /><testcase classname="backend.tests.test_iteration2_features.TestContextGating" name="test_context_blocked_for_free_user" time="5.710" /><testcase classname="backend.tests.test_iteration2_features.TestCheckout" name="test_create_checkout_returns_url_and_session" time="0.553" /><testcase classname="backend.tests.test_iteration2_features.TestCheckout" name="test_status_endpoint" time="0.230"><failure message="AssertionError: Internal Server Error&#10;assert 500 == 200&#10; +  where 500 = &lt;Response [500]&gt;.status_code">backend/tests/test_iteration2_features.py:195: in test_status_endpoint
    assert r.status_code == 200, r.text
E   AssertionError: Internal Server Error
E   assert 500 == 200
E    +  where 500 = &lt;Response [500]&gt;.status_code</failure></testcase><testcase classname="backend.tests.test_iteration2_features.TestCheckout" name="test_status_unknown_session_404" time="0.048" /><testcase classname="backend.tests.test_iteration2_features.TestWebhook" name="test_webhook_invalid_signature_returns_400" time="0.054" /><testcase classname="backend.tests.test_iteration2_features.TestWebhook" name="test_webhook_no_signature_returns_400" time="0.044" /></testsuite></testsuites>