<?xml version="1.0" encoding="utf-8"?><testsuites name="pytest tests"><testsuite name="pytest" errors="0" failures="0" skipped="0" tests="18" time="9.463" timestamp="2026-04-26T07:07:29.546656+00:00" hostname="agent-env-5aa873e6-f170-4d9d-8c1c-d219fd9ed49f"><testcase classname="backend.tests.test_hisword_api.TestHealth" name="test_root" time="0.134" /><testcase classname="backend.tests.test_hisword_api.TestAuth" name="test_signup_returns_token_and_user" time="0.274" /><testcase classname="backend.tests.test_hisword_api.TestAuth" name="test_signup_duplicate_email" time="0.049" /><testcase classname="backend.tests.test_hisword_api.TestAuth" name="test_login_success" time="0.272" /><testcase classname="backend.tests.test_hisword_api.TestAuth" name="test_login_wrong_password" time="0.268" /><testcase classname="backend.tests.test_hisword_api.TestAuth" name="test_me_with_token" time="0.046" /><testcase classname="backend.tests.test_hisword_api.TestAuth" name="test_me_without_token" time="0.100" /><testcase classname="backend.tests.test_hisword_api.TestAuth" name="test_seed_user_login" time="0.269" /><testcase classname="backend.tests.test_hisword_api.TestDailyVerse" name="test_daily_verse_public" time="0.046" /><testcase classname="backend.tests.test_hisword_api.TestVerseFlow" name="test_match_requires_auth" time="0.111" /><testcase classname="backend.tests.test_hisword_api.TestVerseFlow" name="test_match_verse" time="6.094" /><testcase classname="backend.tests.test_hisword_api.TestVerseFlow" name="test_history_contains_match" time="0.563" /><testcase classname="backend.tests.test_hisword_api.TestVerseFlow" name="test_add_favorite" time="0.058" /><testcase classname="backend.tests.test_hisword_api.TestVerseFlow" name="test_list_favorites" time="0.051" /><testcase classname="backend.tests.test_hisword_api.TestVerseFlow" name="test_delete_favorite" time="0.093" /><testcase classname="backend.tests.test_hisword_api.TestVerseFlow" name="test_favorite_invalid_match" time="0.048" /><testcase classname="backend.tests.test_hisword_api.TestTTS" name="test_tts_generates_audio" time="0.773" /><testcase classname="backend.tests.test_hisword_api.TestTTS" name="test_tts_requires_auth" time="0.134" /></testsuite></testsuites>